0 info it worked if it ends with ok
1 verbose cli [ 'node', '/usr/local/bin/npm', 'run', 'tsc' ]
2 info using npm@3.5.3
3 info using node@v0.12.1
4 verbose run-script [ 'pretsc', 'tsc', 'posttsc' ]
5 info lifecycle com-prototype@1.0.0~pretsc: com-prototype@1.0.0
6 silly lifecycle com-prototype@1.0.0~pretsc: no script for pretsc, continuing
7 info lifecycle com-prototype@1.0.0~tsc: com-prototype@1.0.0
8 verbose lifecycle com-prototype@1.0.0~tsc: unsafe-perm in lifecycle true
9 verbose lifecycle com-prototype@1.0.0~tsc: PATH: /usr/local/lib/node_modules/npm/bin/node-gyp-bin:/Users/Matt/com-prototype/node_modules/.bin:/usr/local/bin:/usr/bin:/bin:/usr/sbin:/sbin:/usr/local/git/bin
10 verbose lifecycle com-prototype@1.0.0~tsc: CWD: /Users/Matt/com-prototype
11 silly lifecycle com-prototype@1.0.0~tsc: Args: [ '-c', 'tsc' ]
12 silly lifecycle com-prototype@1.0.0~tsc: Returned: code: 2  signal: null
13 info lifecycle com-prototype@1.0.0~tsc: Failed to exec tsc script
14 verbose stack Error: com-prototype@1.0.0 tsc: `tsc`
14 verbose stack Exit status 2
14 verbose stack     at EventEmitter.<anonymous> (/usr/local/lib/node_modules/npm/lib/utils/lifecycle.js:232:16)
14 verbose stack     at EventEmitter.emit (events.js:110:17)
14 verbose stack     at ChildProcess.<anonymous> (/usr/local/lib/node_modules/npm/lib/utils/spawn.js:24:14)
14 verbose stack     at ChildProcess.emit (events.js:110:17)
14 verbose stack     at maybeClose (child_process.js:1008:16)
14 verbose stack     at Process.ChildProcess._handle.onexit (child_process.js:1080:5)
15 verbose pkgid com-prototype@1.0.0
16 verbose cwd /Users/Matt/com-prototype
17 error Darwin 15.0.0
18 error argv "node" "/usr/local/bin/npm" "run" "tsc"
19 error node v0.12.1
20 error npm  v3.5.3
21 error code ELIFECYCLE
22 error com-prototype@1.0.0 tsc: `tsc`
22 error Exit status 2
23 error Failed at the com-prototype@1.0.0 tsc script 'tsc'.
23 error Make sure you have the latest version of node.js and npm installed.
23 error If you do, this is most likely a problem with the com-prototype package,
23 error not with npm itself.
23 error Tell the author that this fails on your system:
23 error     tsc
23 error You can get information on how to open an issue for this project with:
23 error     npm bugs com-prototype
23 error Or if that isn't available, you can get their info via:
23 error     npm owner ls com-prototype
23 error There is likely additional logging output above.
24 verbose exit [ 1, true ]
